<?xml version="1.0" encoding="UTF-8"?>
<robot generator="Robot 5.0.1 (Python 3.8.0 on win32)" generated="20220523 02:14:24.705" rpa="false" schemaversion="3">
<suite id="s1" name="5 Follow Test Case" source="D:\4.Work_in_Drive_D\Project_4th_year\Front_End\picxel-new-frontend\test_robot\sub_test\user_test\5_follow_test_case.robot">
<test id="s1-t1" name="sign_in" line="16">
<kw name="I am on Sign-In page" library="0_user_keywords">
<kw name="Open Browser" library="SeleniumLibrary">
<arg>${sign_up}</arg>
<arg>chrome</arg>
<doc>Opens a new browser instance to the optional ``url``.</doc>
<msg timestamp="20220523 02:14:24.928" level="INFO">Opening browser 'chrome' to base url 'http://localhost:8100/account-login'.</msg>
<status status="PASS" starttime="20220523 02:14:24.928" endtime="20220523 02:14:26.970"/>
</kw>
<status status="PASS" starttime="20220523 02:14:24.928" endtime="20220523 02:14:26.970"/>
</kw>
<kw name="Sleep" library="BuiltIn">
<arg>0.5s</arg>
<doc>Pauses the test executed for the given time.</doc>
<msg timestamp="20220523 02:14:27.472" level="INFO">Slept 500 milliseconds</msg>
<status status="PASS" starttime="20220523 02:14:26.971" endtime="20220523 02:14:27.472"/>
</kw>
<kw name="I fill in username_box with login_my_username" library="0_user_keywords">
<kw name="Input Text" library="SeleniumLibrary">
<arg>name=ion-input-0</arg>
<arg>dummy</arg>
<doc>Types the given ``text`` into the text field identified by ``locator``.</doc>
<msg timestamp="20220523 02:14:27.472" level="INFO">Typing text 'dummy' into text field 'name=ion-input-0'.</msg>
<status status="PASS" starttime="20220523 02:14:27.472" endtime="20220523 02:14:27.533"/>
</kw>
<status status="PASS" starttime="20220523 02:14:27.472" endtime="20220523 02:14:27.534"/>
</kw>
<kw name="Sleep" library="BuiltIn">
<arg>0.5s</arg>
<doc>Pauses the test executed for the given time.</doc>
<msg timestamp="20220523 02:14:28.034" level="INFO">Slept 500 milliseconds</msg>
<status status="PASS" starttime="20220523 02:14:27.534" endtime="20220523 02:14:28.034"/>
</kw>
<kw name="I fill in password_box with login_my_password" library="0_user_keywords">
<kw name="Input Text" library="SeleniumLibrary">
<arg>name=ion-input-1</arg>
<arg>dummy1234</arg>
<doc>Types the given ``text`` into the text field identified by ``locator``.</doc>
<msg timestamp="20220523 02:14:28.035" level="INFO">Typing text 'dummy1234' into text field 'name=ion-input-1'.</msg>
<status status="PASS" starttime="20220523 02:14:28.034" endtime="20220523 02:14:28.099"/>
</kw>
<status status="PASS" starttime="20220523 02:14:28.034" endtime="20220523 02:14:28.099"/>
</kw>
<kw name="Sleep" library="BuiltIn">
<arg>0.5s</arg>
<doc>Pauses the test executed for the given time.</doc>
<msg timestamp="20220523 02:14:28.600" level="INFO">Slept 500 milliseconds</msg>
<status status="PASS" starttime="20220523 02:14:28.099" endtime="20220523 02:14:28.600"/>
</kw>
<kw name="I click ลงชื่อเข้าใช้" library="0_user_keywords">
<kw name="Click Element" library="SeleniumLibrary">
<arg>xpath=/html/body/app-root/ion-app/ion-router-outlet/app-account-login/ion-content/div[2]/ion-button</arg>
<doc>Click the element identified by ``locator``.</doc>
<msg timestamp="20220523 02:14:28.601" level="INFO">Clicking element 'xpath=/html/body/app-root/ion-app/ion-router-outlet/app-account-login/ion-content/div[2]/ion-button'.</msg>
<status status="PASS" starttime="20220523 02:14:28.601" endtime="20220523 02:14:28.636"/>
</kw>
<status status="PASS" starttime="20220523 02:14:28.600" endtime="20220523 02:14:28.637"/>
</kw>
<kw name="Set Selenium Speed" library="SeleniumLibrary">
<arg>${delay}</arg>
<doc>Sets the delay that is waited after each Selenium command.</doc>
<status status="PASS" starttime="20220523 02:14:28.637" endtime="20220523 02:14:28.638"/>
</kw>
<kw name="I should see account_detail page" library="0_user_keywords">
<kw name="Page Should Contain" library="SeleniumLibrary">
<arg>PICXEL</arg>
<doc>Verifies that current page contains ``text``.</doc>
<msg timestamp="20220523 02:14:30.687" level="INFO">Current page contains text 'PICXEL'.</msg>
<status status="PASS" starttime="20220523 02:14:28.638" endtime="20220523 02:14:30.687"/>
</kw>
<status status="PASS" starttime="20220523 02:14:28.638" endtime="20220523 02:14:30.687"/>
</kw>
<kw name="Sleep" library="BuiltIn">
<arg>2s</arg>
<doc>Pauses the test executed for the given time.</doc>
<msg timestamp="20220523 02:14:32.689" level="INFO">Slept 2 seconds</msg>
<status status="PASS" starttime="20220523 02:14:30.687" endtime="20220523 02:14:32.689"/>
</kw>
<status status="PASS" starttime="20220523 02:14:24.927" endtime="20220523 02:14:32.689"/>
</test>
<test id="s1-t2" name="search_user" line="33">
<kw name="I type username in the box" library="0_user_keywords">
<kw name="Input Text" library="SeleniumLibrary">
<arg>xpath=/html/body/app-root/ion-app/ion-router-outlet/app-home/ion-content/ion-card[1]/app-smart-searchbox/ion-grid/ion-row/ion-col[1]/ion-searchbar/div/input</arg>
<arg>Saimon_Charles</arg>
<doc>Types the given ``text`` into the text field identified by ``locator``.</doc>
<msg timestamp="20220523 02:14:32.691" level="INFO">Typing text 'Saimon_Charles' into text field 'xpath=/html/body/app-root/ion-app/ion-router-outlet/app-home/ion-content/ion-card[1]/app-smart-searchbox/ion-grid/ion-row/ion-col[1]/ion-searchbar/div/input'.</msg>
<status status="PASS" starttime="20220523 02:14:32.691" endtime="20220523 02:14:35.774"/>
</kw>
<status status="PASS" starttime="20220523 02:14:32.691" endtime="20220523 02:14:35.774"/>
</kw>
<kw name="Sleep" library="BuiltIn">
<arg>2s</arg>
<doc>Pauses the test executed for the given time.</doc>
<msg timestamp="20220523 02:14:37.775" level="INFO">Slept 2 seconds</msg>
<status status="PASS" starttime="20220523 02:14:35.774" endtime="20220523 02:14:37.775"/>
</kw>
<kw name="I click username that I have search" library="0_user_keywords">
<kw name="Click Element" library="SeleniumLibrary">
<arg>xpath=/html/body/app-root/ion-app/ion-router-outlet/app-home/ion-content/ion-card[1]/app-smart-searchbox/ion-grid/ion-row[2]/ion-list</arg>
<doc>Click the element identified by ``locator``.</doc>
<msg timestamp="20220523 02:14:37.776" level="INFO">Clicking element 'xpath=/html/body/app-root/ion-app/ion-router-outlet/app-home/ion-content/ion-card[1]/app-smart-searchbox/ion-grid/ion-row[2]/ion-list'.</msg>
<status status="PASS" starttime="20220523 02:14:37.775" endtime="20220523 02:14:39.866"/>
</kw>
<status status="PASS" starttime="20220523 02:14:37.775" endtime="20220523 02:14:39.866"/>
</kw>
<kw name="Set Selenium Speed" library="SeleniumLibrary">
<arg>${delay}</arg>
<doc>Sets the delay that is waited after each Selenium command.</doc>
<status status="PASS" starttime="20220523 02:14:39.866" endtime="20220523 02:14:39.867"/>
</kw>
<status status="PASS" starttime="20220523 02:14:32.690" endtime="20220523 02:14:39.867"/>
</test>
<test id="s1-t3" name="follow section" line="38">
<kw name="I should see that user profile" library="0_user_keywords">
<kw name="Pass Execution" library="BuiltIn">
<arg>pass</arg>
<doc>Skips rest of the current test, setup, or teardown with PASS status.</doc>
<msg timestamp="20220523 02:14:39.868" level="INFO">Execution passed with message:
pass</msg>
<status status="PASS" starttime="20220523 02:14:39.868" endtime="20220523 02:14:39.869"/>
</kw>
<status status="PASS" starttime="20220523 02:14:39.868" endtime="20220523 02:14:39.869"/>
</kw>
<kw name="Set Selenium Speed" library="SeleniumLibrary">
<arg>${delay}</arg>
<doc>Sets the delay that is waited after each Selenium command.</doc>
<status status="NOT RUN" starttime="20220523 02:14:39.869" endtime="20220523 02:14:39.869"/>
</kw>
<status status="PASS" starttime="20220523 02:14:39.868" endtime="20220523 02:14:39.870">pass</status>
</test>
<test id="s1-t4" name="follow user" line="42">
<kw name="wait for follow button" library="0_user_keywords">
<kw name="Wait Until Element Is Visible" library="SeleniumLibrary">
<arg>follow</arg>
<doc>Waits until the element ``locator`` is visible.</doc>
<msg timestamp="20220523 02:14:46.996" level="INFO" html="true">&lt;/td&gt;&lt;/tr&gt;&lt;tr&gt;&lt;td colspan="3"&gt;&lt;a href="selenium-screenshot-88.png"&gt;&lt;img src="selenium-screenshot-88.png" width="800px"&gt;&lt;/a&gt;</msg>
<msg timestamp="20220523 02:14:46.997" level="FAIL">Element 'follow' not visible after 5 seconds.</msg>
<status status="FAIL" starttime="20220523 02:14:39.871" endtime="20220523 02:14:46.998"/>
</kw>
<status status="FAIL" starttime="20220523 02:14:39.871" endtime="20220523 02:14:46.998"/>
</kw>
<kw name="Sleep" library="BuiltIn">
<arg>1s</arg>
<doc>Pauses the test executed for the given time.</doc>
<status status="NOT RUN" starttime="20220523 02:14:46.999" endtime="20220523 02:14:46.999"/>
</kw>
<kw name="I click follow him" library="0_user_keywords">
<status status="NOT RUN" starttime="20220523 02:14:46.999" endtime="20220523 02:14:46.999"/>
</kw>
<kw name="Sleep" library="BuiltIn">
<arg>2s</arg>
<doc>Pauses the test executed for the given time.</doc>
<status status="NOT RUN" starttime="20220523 02:14:47.000" endtime="20220523 02:14:47.000"/>
</kw>
<kw name="Close Browser" library="SeleniumLibrary" type="TEARDOWN">
<doc>Closes the current browser.</doc>
<status status="PASS" starttime="20220523 02:14:47.000" endtime="20220523 02:14:50.050"/>
</kw>
<status status="FAIL" starttime="20220523 02:14:39.871" endtime="20220523 02:14:50.050">Element 'follow' not visible after 5 seconds.</status>
</test>
<status status="FAIL" starttime="20220523 02:14:24.707" endtime="20220523 02:14:50.052"/>
</suite>
<statistics>
<total>
<stat pass="3" fail="1" skip="0">All Tests</stat>
</total>
<tag>
</tag>
<suite>
<stat pass="3" fail="1" skip="0" id="s1" name="5 Follow Test Case">5 Follow Test Case</stat>
</suite>
</statistics>
<errors>
</errors>
</robot>
